<?xml version="1.0" encoding="UTF-8"?>
<testsuite name="org.football.world.cup.ScoreBoardTest" tests="4" skipped="0" failures="0" errors="0" timestamp="2022-05-02T05:50:33" hostname="POS-S1C06-1-073" time="0.06">
  <properties/>
  <testcase name="summaryOfGamesOrderByTotalScoreAndMostRecent()" classname="org.football.world.cup.ScoreBoardTest" time="0.045"/>
  <testcase name="shouldBePossibleToFinishGame()" classname="org.football.world.cup.ScoreBoardTest" time="0.008"/>
  <testcase name="shouldBePossibleToStarGame()" classname="org.football.world.cup.ScoreBoardTest" time="0.001"/>
  <testcase name="shouldBePossibleToUpdateScoreOfGivenGame()" classname="org.football.world.cup.ScoreBoardTest" time="0.003"/>
  <system-out><![CDATA[]]></system-out>
  <system-err><![CDATA[]]></system-err>
</testsuite>
